d:\workspace\language_study\vs\cpp\mfcpopup\mfcpopup\debug\mfcpopup.pch
d:\workspace\language_study\vs\cpp\mfcpopup\mfcpopup\debug\vc140.pdb
d:\workspace\language_study\vs\cpp\mfcpopup\mfcpopup\debug\vc140.idb
d:\workspace\language_study\vs\cpp\mfcpopup\mfcpopup\debug\stdafx.obj
d:\workspace\language_study\vs\cpp\mfcpopup\mfcpopup\debug\mainfrm.obj
d:\workspace\language_study\vs\cpp\mfcpopup\mfcpopup\debug\mfcpopup.obj
d:\workspace\language_study\vs\cpp\mfcpopup\mfcpopup\debug\mfcpopupdoc.obj
d:\workspace\language_study\vs\cpp\mfcpopup\mfcpopup\debug\mfcpopupview.obj
d:\workspace\language_study\vs\cpp\mfcpopup\mfcpopup\debug\mfcpopup.res
d:\workspace\language_study\vs\cpp\mfcpopup\debug\mfcpopup.exe
d:\workspace\language_study\vs\cpp\mfcpopup\debug\mfcpopup.pdb
d:\workspace\language_study\vs\cpp\mfcpopup\mfcpopup\debug\mfcpopup.tlog\cl.read.1.tlog
d:\workspace\language_study\vs\cpp\mfcpopup\mfcpopup\debug\mfcpopup.tlog\cl.write.1.tlog
d:\workspace\language_study\vs\cpp\mfcpopup\mfcpopup\debug\mfcpopup.tlog\cl.command.1.tlog
d:\workspace\language_study\vs\cpp\mfcpopup\mfcpopup\debug\mfcpopup.tlog\rc.read.1.tlog
d:\workspace\language_study\vs\cpp\mfcpopup\mfcpopup\debug\mfcpopup.tlog\rc.write.1.tlog
d:\workspace\language_study\vs\cpp\mfcpopup\mfcpopup\debug\mfcpopup.tlog\rc.command.1.tlog
d:\workspace\language_study\vs\cpp\mfcpopup\mfcpopup\debug\mfcpopup.tlog\link.read.1.tlog
d:\workspace\language_study\vs\cpp\mfcpopup\mfcpopup\debug\mfcpopup.tlog\link.write.1.tlog
d:\workspace\language_study\vs\cpp\mfcpopup\mfcpopup\debug\mfcpopup.tlog\link.command.1.tlog
